2022-03-11 13:05:08,855 - INFO - logger : 19 - Valid parameters
2022-03-11 13:05:09,299 - DEBUG - logger : 14 - change  to 
2022-03-11 13:05:09,303 - DEBUG - logger : 14 - change ./test to ./test
2022-03-11 13:05:09,304 - INFO - logger : 19 - Folder existed : ./test
2022-03-11 13:05:09,310 - DEBUG - logger : 14 - <0> Running
2022-03-11 13:05:09,316 - DEBUG - logger : 14 - <1> Running
2022-03-11 13:05:09,321 - DEBUG - logger : 14 - <5> Running
2022-03-11 13:05:09,321 - DEBUG - logger : 14 - <2> Running
2022-03-11 13:05:09,327 - DEBUG - logger : 14 - <7> Running
2022-03-11 13:05:09,331 - DEBUG - logger : 14 - <8> Running
2022-03-11 13:05:09,336 - DEBUG - logger : 14 - <4> Running
2022-03-11 13:05:09,337 - DEBUG - logger : 14 - <14> Running
2022-03-11 13:05:09,340 - DEBUG - logger : 14 - <16> Running
2022-03-11 13:05:09,341 - DEBUG - logger : 14 - <19> Running
2022-03-11 13:05:09,343 - DEBUG - logger : 14 - <22> Running
2022-03-11 13:05:09,343 - DEBUG - logger : 14 - <3> Running
2022-03-11 13:05:09,344 - DEBUG - logger : 14 - <24> Running
2022-03-11 13:05:09,345 - DEBUG - logger : 14 - <26> Running
2022-03-11 13:05:09,345 - DEBUG - logger : 14 - <9> Running
2022-03-11 13:05:09,347 - DEBUG - logger : 14 - <30> Running
2022-03-11 13:05:09,348 - DEBUG - logger : 14 - <31> Running
2022-03-11 13:05:09,349 - DEBUG - logger : 14 - <12> Running
2022-03-11 13:05:09,349 - DEBUG - logger : 14 - <13> Running
2022-03-11 13:05:09,349 - DEBUG - logger : 14 - <15> Running
2022-03-11 13:05:09,350 - DEBUG - logger : 14 - <17> Running
2022-03-11 13:05:09,351 - DEBUG - logger : 14 - <21> Running
2022-03-11 13:05:09,352 - DEBUG - logger : 14 - <23> Running
2022-03-11 13:05:09,353 - DEBUG - logger : 14 - <29> Running
2022-03-11 13:05:09,353 - DEBUG - logger : 14 - <10> Running
2022-03-11 13:05:09,353 - DEBUG - logger : 14 - <11> Running
2022-03-11 13:05:09,354 - DEBUG - logger : 14 - <18> Running
2022-03-11 13:05:09,354 - DEBUG - logger : 14 - <20> Running
2022-03-11 13:05:09,356 - DEBUG - logger : 14 - <25> Running
2022-03-11 13:05:09,356 - DEBUG - logger : 14 - <28> Running
2022-03-11 13:05:09,356 - DEBUG - logger : 14 - <6> Running
2022-03-11 13:05:09,356 - DEBUG - logger : 14 - <27> Running
2022-03-11 13:05:09,608 - DEBUG - logger : 14 - change ./test\test.txt to ./test/test.txt
2022-03-11 13:05:11,199 - INFO - logger : 19 - File created / updated : srv ./test/test.txt file test.txt
2022-03-11 13:56:28,625 - ERROR - logger : 29 - Invalid FTP website
2022-03-11 13:56:56,393 - INFO - logger : 19 - Valid parameters
2022-03-11 13:56:56,527 - DEBUG - logger : 14 - change  to 
2022-03-11 13:56:56,544 - DEBUG - logger : 14 - <0> Running
2022-03-11 13:56:56,548 - DEBUG - logger : 14 - <1> Running
2022-03-11 13:56:56,554 - DEBUG - logger : 14 - <2> Running
2022-03-11 13:56:56,560 - DEBUG - logger : 14 - <4> Running
2022-03-11 13:56:56,565 - DEBUG - logger : 14 - <5> Running
2022-03-11 13:56:56,572 - DEBUG - logger : 14 - <7> Running
2022-03-11 13:56:56,580 - DEBUG - logger : 14 - <9> Running
2022-03-11 13:56:56,591 - DEBUG - logger : 14 - <12> Running
2022-03-11 13:56:56,597 - DEBUG - logger : 14 - <13> Running
2022-03-11 13:56:56,599 - DEBUG - logger : 14 - <3> Running
2022-03-11 13:56:56,601 - DEBUG - logger : 14 - <16> Running
2022-03-11 13:56:56,603 - DEBUG - logger : 14 - <17> Running
2022-03-11 13:56:56,607 - DEBUG - logger : 14 - <6> Running
2022-03-11 13:56:56,609 - DEBUG - logger : 14 - <21> Running
2022-03-11 13:56:56,611 - DEBUG - logger : 14 - <23> Running
2022-03-11 13:56:56,613 - DEBUG - logger : 14 - <24> Running
2022-03-11 13:56:56,615 - DEBUG - logger : 14 - <26> Running
2022-03-11 13:56:56,619 - DEBUG - logger : 14 - <29> Running
2022-03-11 13:56:56,621 - DEBUG - logger : 14 - <30> Running
2022-03-11 13:56:56,622 - DEBUG - logger : 14 - <31> Running
2022-03-11 13:56:56,624 - DEBUG - logger : 14 - <8> Running
2022-03-11 13:56:56,624 - DEBUG - logger : 14 - <19> Running
2022-03-11 13:56:56,625 - DEBUG - logger : 14 - <22> Running
2022-03-11 13:56:56,627 - DEBUG - logger : 14 - <11> Running
2022-03-11 13:56:56,627 - DEBUG - logger : 14 - <10> Running
2022-03-11 13:56:56,627 - DEBUG - logger : 14 - <28> Running
2022-03-11 13:56:56,629 - DEBUG - logger : 14 - <14> Running
2022-03-11 13:56:56,631 - DEBUG - logger : 14 - <15> Running
2022-03-11 13:56:56,633 - DEBUG - logger : 14 - <25> Running
2022-03-11 13:56:56,635 - DEBUG - logger : 14 - <27> Running
2022-03-11 13:56:56,637 - DEBUG - logger : 14 - <18> Running
2022-03-11 13:56:56,639 - DEBUG - logger : 14 - <20> Running
2022-03-11 13:56:56,660 - DEBUG - logger : 14 - change Test to Test
2022-03-11 13:56:56,666 - DEBUG - logger : 14 - change Test\Folder_1 to Test/Folder_1
2022-03-11 13:56:56,670 - INFO - logger : 19 - Folder existed : Test/Folder_1
2022-03-11 13:56:56,675 - DEBUG - logger : 14 - change Test\Folder_1 to Test/Folder_1
2022-03-11 13:56:56,682 - DEBUG - logger : 14 - change Test\Folder_1\Folder_2 to Test/Folder_1/Folder_2
2022-03-11 13:56:56,687 - INFO - logger : 19 - Folder existed : Test/Folder_1/Folder_2
2022-03-11 13:56:56,692 - DEBUG - logger : 14 - change Test\Folder_1 to Test/Folder_1
2022-03-11 13:56:56,794 - DEBUG - logger : 14 - change Test\big_file.7z to Test/big_file.7z
2022-03-11 13:56:58,364 - DEBUG - logger : 14 - change Test\Folder_1\Folder_3 to Test/Folder_1/Folder_3
2022-03-11 13:56:58,379 - INFO - logger : 19 - Folder existed : Test/Folder_1/Folder_3
2022-03-11 13:56:58,385 - DEBUG - logger : 14 - change Test\Folder_1\big_file.7z to Test/Folder_1/big_file.7z
2022-03-11 13:56:58,393 - DEBUG - logger : 14 - change Test\Folder_1\file.py to Test/Folder_1/file.py
2022-03-11 13:56:58,395 - DEBUG - logger : 14 - change Test\Folder_1\Folder_2 to Test/Folder_1/Folder_2
2022-03-11 13:56:58,396 - DEBUG - logger : 14 - change Test\Folder_1\file 2.py to Test/Folder_1/file 2.py
2022-03-11 13:56:58,396 - DEBUG - logger : 14 - change Test\Folder_1\file 1.py to Test/Folder_1/file 1.py
2022-03-11 13:56:58,413 - INFO - logger : 19 - File created / updated : srv Test/Folder_1/file 2.py file file 2.py
2022-03-11 13:56:58,414 - INFO - logger : 19 - File created / updated : srv Test/Folder_1/file.py file file.py
2022-03-11 13:56:58,416 - INFO - logger : 19 - File created / updated : srv Test/Folder_1/file 1.py file file 1.py
2022-03-11 13:56:58,420 - DEBUG - logger : 14 - change Test\Folder_1\Folder_2\Folder_4 to Test/Folder_1/Folder_2/Folder_4
2022-03-11 13:56:58,429 - INFO - logger : 19 - Folder existed : Test/Folder_1/Folder_2/Folder_4
2022-03-11 13:56:58,470 - DEBUG - logger : 14 - change Test\Folder_1\Folder_2\file.py to Test/Folder_1/Folder_2/file.py
2022-03-11 13:56:58,473 - DEBUG - logger : 14 - change Test\Folder_1\Folder_2\file 1.py to Test/Folder_1/Folder_2/file 1.py
2022-03-11 13:56:58,473 - DEBUG - logger : 14 - change Test\Folder_1\Folder_2\Folder_4 to Test/Folder_1/Folder_2/Folder_4
2022-03-11 13:56:58,474 - DEBUG - logger : 14 - change Test\Folder_1\Folder_2\big_file.7z to Test/Folder_1/Folder_2/big_file.7z
2022-03-11 13:56:58,474 - DEBUG - logger : 14 - change Test\Folder_1\Folder_2\file 2.py to Test/Folder_1/Folder_2/file 2.py
2022-03-11 13:56:58,495 - INFO - logger : 19 - File created / updated : srv Test/Folder_1/Folder_2/file.py file file.py
2022-03-11 13:56:58,501 - DEBUG - logger : 14 - change Test\Folder_1\Folder_2\Folder_4\Folder_5_Empty to Test/Folder_1/Folder_2/Folder_4/Folder_5_Empty
2022-03-11 13:56:58,501 - INFO - logger : 19 - File created / updated : srv Test/Folder_1/Folder_2/file 1.py file file 1.py
2022-03-11 13:56:58,501 - INFO - logger : 19 - File created / updated : srv Test/Folder_1/Folder_2/file 2.py file file 2.py
2022-03-11 13:56:58,514 - INFO - logger : 19 - Folder existed : Test/Folder_1/Folder_2/Folder_4/Folder_5_Empty
2022-03-11 13:56:58,526 - DEBUG - logger : 14 - change Test\Folder_1\Folder_2\Folder_4\file.py to Test/Folder_1/Folder_2/Folder_4/file.py
2022-03-11 13:56:58,527 - DEBUG - logger : 14 - change Test\Folder_1\Folder_2\Folder_4\file 2.py to Test/Folder_1/Folder_2/Folder_4/file 2.py
2022-03-11 13:56:58,527 - DEBUG - logger : 14 - change Test\Folder_1\Folder_2\Folder_4\file 1.py to Test/Folder_1/Folder_2/Folder_4/file 1.py
2022-03-11 13:56:58,534 - DEBUG - logger : 14 - change Test\Folder_1\Folder_3\file 1.py to Test/Folder_1/Folder_3/file 1.py
2022-03-11 13:56:58,534 - DEBUG - logger : 14 - change Test\Folder_1\Folder_3\file 2.py to Test/Folder_1/Folder_3/file 2.py
2022-03-11 13:56:58,535 - DEBUG - logger : 14 - change Test\Folder_1\Folder_3\file.py to Test/Folder_1/Folder_3/file.py
2022-03-11 13:56:58,545 - INFO - logger : 19 - File created / updated : srv Test/Folder_1/Folder_2/Folder_4/file.py file file.py
2022-03-11 13:56:58,550 - INFO - logger : 19 - File created / updated : srv Test/Folder_1/Folder_2/Folder_4/file 2.py file file 2.py
2022-03-11 13:56:58,552 - INFO - logger : 19 - File created / updated : srv Test/Folder_1/Folder_3/file 2.py file file 2.py
2022-03-11 13:56:58,555 - INFO - logger : 19 - File created / updated : srv Test/Folder_1/Folder_3/file 1.py file file 1.py
2022-03-11 13:56:58,555 - INFO - logger : 19 - File created / updated : srv Test/Folder_1/Folder_2/Folder_4/file 1.py file file 1.py
2022-03-11 13:56:58,555 - INFO - logger : 19 - File created / updated : srv Test/Folder_1/Folder_3/file.py file file.py
2022-03-11 14:08:39,495 - INFO - logger : 19 - Valid parameters
2022-03-11 14:08:39,558 - DEBUG - logger : 14 - change  to 
2022-03-11 14:08:39,570 - DEBUG - logger : 14 - <0> Running
2022-03-11 14:08:39,575 - DEBUG - logger : 14 - <1> Running
2022-03-11 14:08:39,583 - DEBUG - logger : 14 - <3> Running
2022-03-11 14:08:39,590 - DEBUG - logger : 14 - <5> Running
2022-03-11 14:08:39,597 - DEBUG - logger : 14 - <2> Running
2022-03-11 14:08:39,607 - DEBUG - logger : 14 - <7> Running
2022-03-11 14:08:39,622 - DEBUG - logger : 14 - <10> Running
2022-03-11 14:08:39,628 - DEBUG - logger : 14 - <12> Running
2022-03-11 14:08:39,633 - DEBUG - logger : 14 - <6> Running
2022-03-11 14:08:39,640 - DEBUG - logger : 14 - <16> Running
2022-03-11 14:08:39,643 - DEBUG - logger : 14 - <18> Running
2022-03-11 14:08:39,645 - DEBUG - logger : 14 - <9> Running
2022-03-11 14:08:39,648 - DEBUG - logger : 14 - <21> Running
2022-03-11 14:08:39,651 - DEBUG - logger : 14 - <23> Running
2022-03-11 14:08:39,653 - DEBUG - logger : 14 - <4> Running
2022-03-11 14:08:39,655 - DEBUG - logger : 14 - <27> Running
2022-03-11 14:08:39,662 - DEBUG - logger : 14 - <30> Running
2022-03-11 14:08:39,663 - DEBUG - logger : 14 - <14> Running
2022-03-11 14:08:39,664 - DEBUG - logger : 14 - <13> Running
2022-03-11 14:08:39,664 - DEBUG - logger : 14 - <8> Running
2022-03-11 14:08:39,664 - DEBUG - logger : 14 - <17> Running
2022-03-11 14:08:39,672 - DEBUG - logger : 14 - <26> Running
2022-03-11 14:08:39,673 - DEBUG - logger : 14 - <25> Running
2022-03-11 14:08:39,673 - DEBUG - logger : 14 - <11> Running
2022-03-11 14:08:39,673 - DEBUG - logger : 14 - <29> Running
2022-03-11 14:08:39,675 - DEBUG - logger : 14 - <31> Running
2022-03-11 14:08:39,677 - DEBUG - logger : 14 - <19> Running
2022-03-11 14:08:39,677 - DEBUG - logger : 14 - <22> Running
2022-03-11 14:08:39,677 - DEBUG - logger : 14 - <24> Running
2022-03-11 14:08:39,678 - DEBUG - logger : 14 - <28> Running
2022-03-11 14:08:39,679 - DEBUG - logger : 14 - <20> Running
2022-03-11 14:08:39,679 - DEBUG - logger : 14 - <15> Running
2022-03-11 14:08:39,683 - DEBUG - logger : 14 - change Test to Test
2022-03-11 14:08:39,687 - DEBUG - logger : 14 - change Test\Folder_1 to Test/Folder_1
2022-03-11 14:08:39,690 - INFO - logger : 19 - Folder existed : Test/Folder_1
2022-03-11 14:08:39,693 - DEBUG - logger : 14 - change Test\Folder_1 to Test/Folder_1
2022-03-11 14:08:39,744 - DEBUG - logger : 14 - change Test\Folder_1\Folder_2 to Test/Folder_1/Folder_2
2022-03-11 14:08:39,744 - DEBUG - logger : 14 - change Test\big_file.7z to Test/big_file.7z
2022-03-11 14:08:39,908 - INFO - logger : 19 - Folder existed : Test/Folder_1/Folder_2
2022-03-11 14:08:39,913 - DEBUG - logger : 14 - change Test\Folder_1 to Test/Folder_1
2022-03-11 14:08:39,971 - DEBUG - logger : 14 - change Test\Folder_1\Folder_3 to Test/Folder_1/Folder_3
2022-03-11 14:08:39,976 - INFO - logger : 19 - Folder existed : Test/Folder_1/Folder_3
2022-03-11 14:08:39,987 - DEBUG - logger : 14 - change Test\Folder_1\big_file.7z to Test/Folder_1/big_file.7z
2022-03-11 14:08:39,992 - DEBUG - logger : 14 - change Test\Folder_1\file 1.py to Test/Folder_1/file 1.py
2022-03-11 14:08:39,996 - DEBUG - logger : 14 - change Test\Folder_1\file 2.py to Test/Folder_1/file 2.py
2022-03-11 14:08:40,004 - DEBUG - logger : 14 - change Test\Folder_1\Folder_2 to Test/Folder_1/Folder_2
2022-03-11 14:08:40,005 - DEBUG - logger : 14 - change Test\Folder_1\file.py to Test/Folder_1/file.py
2022-03-11 14:08:40,013 - INFO - logger : 19 - File created / updated : srv Test/Folder_1/file 1.py file file 1.py
2022-03-11 14:08:40,019 - INFO - logger : 19 - File created / updated : srv Test/Folder_1/file 2.py file file 2.py
2022-03-11 14:08:40,023 - DEBUG - logger : 14 - change Test\Folder_1\Folder_2\Folder_4 to Test/Folder_1/Folder_2/Folder_4
2022-03-11 14:08:40,048 - INFO - logger : 19 - Folder existed : Test/Folder_1/Folder_2/Folder_4
2022-03-11 14:08:40,049 - INFO - logger : 19 - File created / updated : srv Test/Folder_1/file.py file file.py
2022-03-11 14:08:40,058 - DEBUG - logger : 14 - change Test\Folder_1\Folder_2\big_file.7z to Test/Folder_1/Folder_2/big_file.7z
2022-03-11 14:08:40,067 - DEBUG - logger : 14 - change Test\Folder_1\Folder_2\Folder_4 to Test/Folder_1/Folder_2/Folder_4
2022-03-11 14:08:40,112 - DEBUG - logger : 14 - change Test\Folder_1\Folder_2\file 1.py to Test/Folder_1/Folder_2/file 1.py
2022-03-11 14:08:40,699 - DEBUG - logger : 14 - change Test\Folder_1\Folder_2\file.py to Test/Folder_1/Folder_2/file.py
2022-03-11 14:08:40,699 - DEBUG - logger : 14 - change Test\Folder_1\Folder_2\file 2.py to Test/Folder_1/Folder_2/file 2.py
2022-03-11 14:08:40,701 - DEBUG - logger : 14 - change Test\Folder_1\Folder_2\Folder_4\Folder_5_Empty to Test/Folder_1/Folder_2/Folder_4/Folder_5_Empty
2022-03-11 14:08:41,268 - INFO - logger : 19 - Folder existed : Test/Folder_1/Folder_2/Folder_4/Folder_5_Empty
2022-03-11 14:08:41,274 - INFO - logger : 19 - File created / updated : srv Test/Folder_1/Folder_2/file 1.py file file 1.py
2022-03-11 14:08:41,289 - DEBUG - logger : 14 - change Test\Folder_1\Folder_2\Folder_4\file 1.py to Test/Folder_1/Folder_2/Folder_4/file 1.py
2022-03-11 14:08:41,299 - DEBUG - logger : 14 - change Test\Folder_1\Folder_2\Folder_4\file 2.py to Test/Folder_1/Folder_2/Folder_4/file 2.py
2022-03-11 14:08:41,302 - INFO - logger : 19 - File created / updated : srv Test/Folder_1/Folder_2/file 2.py file file 2.py
2022-03-11 14:08:41,311 - INFO - logger : 19 - File created / updated : srv Test/Folder_1/Folder_2/Folder_4/file 1.py file file 1.py
2022-03-11 14:08:41,378 - DEBUG - logger : 14 - change Test\Folder_1\Folder_2\Folder_4\file.py to Test/Folder_1/Folder_2/Folder_4/file.py
2022-03-11 14:08:41,378 - DEBUG - logger : 14 - change Test\Folder_1\Folder_3\file 1.py to Test/Folder_1/Folder_3/file 1.py
2022-03-11 14:08:41,378 - INFO - logger : 19 - File created / updated : srv Test/Folder_1/Folder_2/file.py file file.py
2022-03-11 14:08:41,383 - DEBUG - logger : 14 - change Test\Folder_1\Folder_3\file 2.py to Test/Folder_1/Folder_3/file 2.py
2022-03-11 14:08:41,378 - INFO - logger : 19 - File created / updated : srv Test/Folder_1/Folder_2/Folder_4/file 2.py file file 2.py
2022-03-11 14:08:41,383 - DEBUG - logger : 14 - change Test\Folder_1\Folder_3\file.py to Test/Folder_1/Folder_3/file.py
2022-03-11 14:08:41,414 - INFO - logger : 19 - File created / updated : srv Test/Folder_1/Folder_2/Folder_4/file.py file file.py
2022-03-11 14:08:41,417 - INFO - logger : 19 - File created / updated : srv Test/Folder_1/Folder_3/file 2.py file file 2.py
2022-03-11 14:08:41,418 - INFO - logger : 19 - File created / updated : srv Test/Folder_1/Folder_3/file.py file file.py
2022-03-11 14:08:41,422 - INFO - logger : 19 - File created / updated : srv Test/Folder_1/Folder_3/file 1.py file file 1.py
